Crashlog created at 2018-09-07 15:08:25 +0100

===== MESSAGE:

Nanoc::DataSources::Filesystem::Errors::UnparseableMetadata: Could not parse metadata for content/course-in-miracles.md: (<unknown>): mapping values are not allowed in this context at line 1 column 42

===== STACK TRACE:

  0. C:/st/Ruby/lib/ruby/gems/2.4.0/gems/nanoc-4.9.3/lib/nanoc/data_sources/filesystem/parser.rb:65:in `rescue in parse_metadata'
  1. C:/st/Ruby/lib/ruby/gems/2.4.0/gems/nanoc-4.9.3/lib/nanoc/data_sources/filesystem/parser.rb:62:in `parse_metadata'
  2. C:/st/Ruby/lib/ruby/gems/2.4.0/gems/nanoc-4.9.3/lib/nanoc/data_sources/filesystem/parser.rb:54:in `parse_with_frontmatter'
  3. C:/st/Ruby/lib/ruby/gems/2.4.0/gems/nanoc-4.9.3/lib/nanoc/data_sources/filesystem/parser.rb:29:in `call'
  4. C:/st/Ruby/lib/ruby/gems/2.4.0/gems/nanoc-4.9.3/lib/nanoc/data_sources/filesystem.rb:384:in `parse'
  5. C:/st/Ruby/lib/ruby/gems/2.4.0/gems/nanoc-4.9.3/lib/nanoc/data_sources/filesystem.rb:151:in `read_proto_document'
  6. C:/st/Ruby/lib/ruby/gems/2.4.0/gems/nanoc-4.9.3/lib/nanoc/data_sources/filesystem.rb:184:in `block (2 levels) in load_objects'
  7. C:/st/Ruby/lib/ruby/gems/2.4.0/gems/nanoc-4.9.3/lib/nanoc/data_sources/filesystem.rb:180:in `each'
  8. C:/st/Ruby/lib/ruby/gems/2.4.0/gems/nanoc-4.9.3/lib/nanoc/data_sources/filesystem.rb:180:in `block in load_objects'
  9. C:/st/Ruby/lib/ruby/gems/2.4.0/gems/nanoc-4.9.3/lib/nanoc/data_sources/filesystem.rb:179:in `each'
  10. C:/st/Ruby/lib/ruby/gems/2.4.0/gems/nanoc-4.9.3/lib/nanoc/data_sources/filesystem.rb:179:in `load_objects'
  11. C:/st/Ruby/lib/ruby/gems/2.4.0/gems/nanoc-4.9.3/lib/nanoc/data_sources/filesystem.rb:69:in `items'
  12. C:/st/Ruby/lib/ruby/gems/2.4.0/gems/nanoc-4.9.3/lib/nanoc/base/repos/prefixed_data_source.rb:14:in `items'
  13. C:/st/Ruby/lib/ruby/gems/2.4.0/gems/nanoc-4.9.3/lib/nanoc/base/repos/aggregate_data_source.rb:14:in `each'
  14. C:/st/Ruby/lib/ruby/gems/2.4.0/gems/nanoc-4.9.3/lib/nanoc/base/repos/aggregate_data_source.rb:14:in `flat_map'
  15. C:/st/Ruby/lib/ruby/gems/2.4.0/gems/nanoc-4.9.3/lib/nanoc/base/repos/aggregate_data_source.rb:14:in `items'
  16. C:/st/Ruby/lib/ruby/gems/2.4.0/gems/nanoc-4.9.3/lib/nanoc/base/entities/site.rb:20:in `initialize'
  17. C:/st/Ruby/lib/ruby/gems/2.4.0/gems/nanoc-4.9.3/lib/nanoc/base/repos/site_loader.rb:41:in `new'
  18. C:/st/Ruby/lib/ruby/gems/2.4.0/gems/nanoc-4.9.3/lib/nanoc/base/repos/site_loader.rb:41:in `site_from_config'
  19. C:/st/Ruby/lib/ruby/gems/2.4.0/gems/nanoc-4.9.3/lib/nanoc/base/repos/site_loader.rb:14:in `new_from_cwd'
  20. C:/st/Ruby/lib/ruby/gems/2.4.0/gems/nanoc-4.9.3/lib/nanoc/cli/command_runner.rb:57:in `load_site'
  21. C:/st/Ruby/lib/ruby/gems/2.4.0/gems/nanoc-4.9.3/lib/nanoc/cli/commands/compile.rb:36:in `run_once'
  22. C:/st/Ruby/lib/ruby/gems/2.4.0/gems/nanoc-4.9.3/lib/nanoc/cli/commands/compile.rb:24:in `run'
  23. C:/st/Ruby/lib/ruby/gems/2.4.0/gems/nanoc-4.9.3/lib/nanoc/cli/command_runner.rb:14:in `block in call'
  24. C:/st/Ruby/lib/ruby/gems/2.4.0/gems/nanoc-4.9.3/lib/nanoc/cli/error_handler.rb:15:in `block in handle_while'
  25. C:/st/Ruby/lib/ruby/gems/2.4.0/gems/nanoc-4.9.3/lib/nanoc/cli/error_handler.rb:57:in `handle_while'
  26. C:/st/Ruby/lib/ruby/gems/2.4.0/gems/nanoc-4.9.3/lib/nanoc/cli/error_handler.rb:15:in `handle_while'
  27. C:/st/Ruby/lib/ruby/gems/2.4.0/gems/nanoc-4.9.3/lib/nanoc/cli/command_runner.rb:13:in `call'
  28. C:/st/Ruby/lib/ruby/gems/2.4.0/gems/cri-2.10.1/lib/cri/command_dsl.rb:256:in `block in runner'
  29. C:/st/Ruby/lib/ruby/gems/2.4.0/gems/cri-2.10.1/lib/cri/command.rb:329:in `run_this'
  30. C:/st/Ruby/lib/ruby/gems/2.4.0/gems/cri-2.10.1/lib/cri/command.rb:269:in `run'
  31. C:/st/Ruby/lib/ruby/gems/2.4.0/gems/cri-2.10.1/lib/cri/command.rb:287:in `run'
  32. C:/st/Ruby/lib/ruby/gems/2.4.0/gems/nanoc-4.9.3/lib/nanoc/cli.rb:63:in `block in run'
  33. C:/st/Ruby/lib/ruby/gems/2.4.0/gems/nanoc-4.9.3/lib/nanoc/cli/error_handler.rb:15:in `block in handle_while'
  34. C:/st/Ruby/lib/ruby/gems/2.4.0/gems/nanoc-4.9.3/lib/nanoc/cli/error_handler.rb:57:in `handle_while'
  35. C:/st/Ruby/lib/ruby/gems/2.4.0/gems/nanoc-4.9.3/lib/nanoc/cli/error_handler.rb:15:in `handle_while'
  36. C:/st/Ruby/lib/ruby/gems/2.4.0/gems/nanoc-4.9.3/lib/nanoc/cli.rb:61:in `run'
  37. C:/st/Ruby/lib/ruby/gems/2.4.0/gems/nanoc-4.9.3/bin/nanoc:18:in `<top (required)>'
  38. C:/st/Ruby/bin/nanoc:23:in `load'

===== VERSION INFORMATION:

Nanoc 4.9.3 © 2007-2018 Denis Defreyne.
Running ruby 2.4.4 (2018-03-28) on x64-mingw32 with RubyGems 2.6.14.1.

===== INSTALLED GEMS:

  addressable 2.5.2
  adsf 1.4.1
  bigdecimal 1.3.2
  bundler 1.16.2
  colored 1.2
  concurrent-ruby 1.0.5
  cri 2.10.1
  ddmemoize 1.0.0
  ddmetrics 1.0.0
  ddplugin 1.0.2
  did_you_mean 1.1.0
  erubis 2.7.0
  hamster 3.0.0
  io-console 0.4.6
  json 2.0.4
  kramdown 1.17.0
  minitest 5.10.1
  nanoc 4.9.3
  net-telnet 0.1.1
  openssl 2.0.7
  parallel 1.12.1
  power_assert 0.4.1
  psych 2.2.2
  public_suffix 3.0.2
  rack 2.0.5
  rake 12.0.0
  rdoc 5.0.0
  ref 2.0.0
  slow_enumerator_tools 1.1.0
  test-unit 3.2.3
  tilt 2.0.8
  tomlrb 1.2.6
  xmlrpc 0.2.1

===== GEMFILE.LOCK:

GEM
  remote: https://rubygems.org/
  specs:
    addressable (2.5.2)
      public_suffix (>= 2.0.2, < 4.0)
    adsf (1.4.1)
      rack (>= 1.0.0, < 3.0.0)
    colored (1.2)
    concurrent-ruby (1.0.5)
    cri (2.13.0)
      colored (~> 1.2)
    ddmemoize (1.0.0)
      ddmetrics (~> 1.0)
      ref (~> 2.0)
    ddmetrics (1.0.1)
    ddplugin (1.0.2)
    hamster (3.0.0)
      concurrent-ruby (~> 1.0)
    kramdown (1.17.0)
    nanoc (4.9.4)
      addressable (~> 2.5)
      cri (~> 2.13)
      ddmemoize (~> 1.0)
      ddmetrics (~> 1.0)
      ddplugin (~> 1.0)
      hamster (~> 3.0)
      parallel (~> 1.12)
      ref (~> 2.0)
      slow_enumerator_tools (~> 1.0)
      tomlrb (~> 1.2)
    parallel (1.12.1)
    public_suffix (3.0.3)
    rack (2.0.5)
    ref (2.0.0)
    slow_enumerator_tools (1.1.0)
    tomlrb (1.2.7)

PLATFORMS
  x64-mingw32

DEPENDENCIES
  adsf
  kramdown
  nanoc

BUNDLED WITH
   1.16.4

===== LOAD PATHS:

  0. C:/st/Ruby/lib/ruby/gems/2.4.0/gems/ref-2.0.0/lib
  1. C:/st/Ruby/lib/ruby/gems/2.4.0/gems/did_you_mean-1.1.0/lib
  2. C:/st/Ruby/lib/ruby/gems/2.4.0/gems/public_suffix-3.0.2/lib
  3. C:/st/Ruby/lib/ruby/gems/2.4.0/gems/addressable-2.5.2/lib
  4. C:/st/Ruby/lib/ruby/gems/2.4.0/gems/colored-1.2/lib
  5. C:/st/Ruby/lib/ruby/gems/2.4.0/gems/cri-2.10.1/lib
  6. C:/st/Ruby/lib/ruby/gems/2.4.0/gems/ddmetrics-1.0.0/lib
  7. C:/st/Ruby/lib/ruby/gems/2.4.0/gems/ref-2.0.0/lib
  8. C:/st/Ruby/lib/ruby/gems/2.4.0/gems/ddmemoize-1.0.0/lib
  9. C:/st/Ruby/lib/ruby/gems/2.4.0/gems/ddplugin-1.0.2/lib
  10. C:/st/Ruby/lib/ruby/gems/2.4.0/gems/concurrent-ruby-1.0.5/lib
  11. C:/st/Ruby/lib/ruby/gems/2.4.0/gems/hamster-3.0.0/lib
  12. C:/st/Ruby/lib/ruby/gems/2.4.0/gems/parallel-1.12.1/lib
  13. C:/st/Ruby/lib/ruby/gems/2.4.0/gems/slow_enumerator_tools-1.1.0/lib
  14. C:/st/Ruby/lib/ruby/gems/2.4.0/gems/tomlrb-1.2.6/lib
  15. C:/st/Ruby/lib/ruby/gems/2.4.0/gems/nanoc-4.9.3/lib
  16. C:/st/Ruby/lib/ruby/site_ruby/2.4.0
  17. C:/st/Ruby/lib/ruby/site_ruby/2.4.0/x64-msvcrt
  18. C:/st/Ruby/lib/ruby/site_ruby
  19. C:/st/Ruby/lib/ruby/vendor_ruby/2.4.0
  20. C:/st/Ruby/lib/ruby/vendor_ruby/2.4.0/x64-msvcrt
  21. C:/st/Ruby/lib/ruby/vendor_ruby
  22. C:/st/Ruby/lib/ruby/2.4.0
  23. C:/st/Ruby/lib/ruby/2.4.0/x64-mingw32
